<?xml version="1.0" encoding="UTF-8"?>
<!-- Generated by org.testng.reporters.JUnitXMLReporter -->
<testsuite hostname="Iffat" ignored="1" name="NegativeLoginTestsFirefox" tests="3" failures="0" timestamp="2020-10-10T22:48:37 PKT" time="0.013" errors="0">
  <testcase name="@BeforeSuite initiateDriver" time="-1.602352117669E9" classname="com.herokuapp.theinternet.LoginTests">
    <failure type="org.testng.TestNGException" message="
Parameter &amp;apos;browser&amp;apos; is required by BeforeSuite on method initiateDriver but has not been marked @Optional or defined
in C:\Users\CP\eclipse-workspace\selenium-for-beginners\src\test\resources\TestSuites\AllTests.xml">
      <![CDATA[org.testng.TestNGException: 
Parameter 'browser' is required by BeforeSuite on method initiateDriver but has not been marked @Optional or defined
in C:\Users\CP\eclipse-workspace\selenium-for-beginners\src\test\resources\TestSuites\AllTests.xml
... Removed 16 stack frames]]>
    </failure>
  </testcase> <!-- @BeforeSuite initiateDriver -->
  <testcase name="negativeUsernameTest" time="0.0" classname="com.herokuapp.theinternet.LoginTests">
    <skipped/>
  </testcase> <!-- negativeUsernameTest -->
  <testcase name="negativePasswordTest" time="0.0" classname="com.herokuapp.theinternet.LoginTests">
    <skipped/>
  </testcase> <!-- negativePasswordTest -->
  <testcase name="negativeUsernameaAndPasswordTest" time="0.0" classname="com.herokuapp.theinternet.LoginTests">
    <skipped/>
  </testcase> <!-- negativeUsernameaAndPasswordTest -->
  <testcase name="positiveLoginTest" time="0.0" classname="com.herokuapp.theinternet.LoginTests">
    <ignored/>
  </testcase> <!-- positiveLoginTest -->
</testsuite> <!-- NegativeLoginTestsFirefox -->
